<?xml version="1.0" encoding="UTF-8"?>
<!-- Generated by org.testng.reporters.JUnitReportReporter -->
<testsuite hostname="DESKTOP-DP1UUO0" failures="0" tests="1" name="selenium.framework.StandAloneTestTest" time="21.961" errors="0" timestamp="29 Jul 2024 03:58:50 GMT" skipped="0">
  <testcase classname="selenium.framework.StandAloneTestTest" name="submitOrder" time="21.961"/>
</testsuite> <!-- selenium.framework.StandAloneTestTest -->
