<?xml version="1.0" encoding="UTF-8"?>
<!-- Generated by org.testng.reporters.JUnitReportReporter -->
<testsuite hostname="DESKTOP-DP1UUO0" failures="0" tests="1" name="selenium.framework.ErrorValidations" time="11.469" errors="0" timestamp="29 Jul 2024 04:10:59 GMT" skipped="0">
  <testcase classname="selenium.framework.ErrorValidations" name="errorMessageValidation" time="11.469"/>
</testsuite> <!-- selenium.framework.ErrorValidations -->
